[19-Nov-2016 04:45:24 UTC] PHP Parse error:  syntax error, unexpected '}', expecting ']' in /home/ubuntu/workspace/CI-crud-admin/excel/index.php on line 25
[19-Nov-2016 04:45:57 UTC] PHP Warning:  mysql_connect(): php_network_getaddresses: getaddrinfo failed: Name or service not known in /home/ubuntu/workspace/CI-crud-admin/excel/import.php on line 2
[19-Nov-2016 04:45:57 UTC] PHP Stack trace:
[19-Nov-2016 04:45:57 UTC] PHP   1. {main}() /home/ubuntu/workspace/CI-crud-admin/excel/index.php:0
[19-Nov-2016 04:45:57 UTC] PHP   2. include() /home/ubuntu/workspace/CI-crud-admin/excel/index.php:2
[19-Nov-2016 04:45:57 UTC] PHP   3. mysql_connect() /home/ubuntu/workspace/CI-crud-admin/excel/import.php:2
[19-Nov-2016 04:45:57 UTC] PHP Warning:  mysql_connect(): php_network_getaddresses: getaddrinfo failed: Name or service not known in /home/ubuntu/workspace/CI-crud-admin/excel/import.php on line 2
[19-Nov-2016 04:45:57 UTC] PHP Stack trace:
[19-Nov-2016 04:45:57 UTC] PHP   1. {main}() /home/ubuntu/workspace/CI-crud-admin/excel/index.php:0
[19-Nov-2016 04:45:57 UTC] PHP   2. include() /home/ubuntu/workspace/CI-crud-admin/excel/index.php:2
[19-Nov-2016 04:45:57 UTC] PHP   3. mysql_connect() /home/ubuntu/workspace/CI-crud-admin/excel/import.php:2
[19-Nov-2016 04:45:57 UTC] PHP Warning:  mysql_select_db(): Access denied for user ''@'localhost' (using password: NO) in /home/ubuntu/workspace/CI-crud-admin/excel/import.php on line 3
[19-Nov-2016 04:45:57 UTC] PHP Stack trace:
[19-Nov-2016 04:45:57 UTC] PHP   1. {main}() /home/ubuntu/workspace/CI-crud-admin/excel/index.php:0
[19-Nov-2016 04:45:57 UTC] PHP   2. include() /home/ubuntu/workspace/CI-crud-admin/excel/index.php:2
[19-Nov-2016 04:45:57 UTC] PHP   3. mysql_select_db() /home/ubuntu/workspace/CI-crud-admin/excel/import.php:3
[19-Nov-2016 04:45:57 UTC] PHP Warning:  mysql_select_db(): A link to the server could not be established in /home/ubuntu/workspace/CI-crud-admin/excel/import.php on line 3
[19-Nov-2016 04:45:57 UTC] PHP Stack trace:
[19-Nov-2016 04:45:57 UTC] PHP   1. {main}() /home/ubuntu/workspace/CI-crud-admin/excel/index.php:0
[19-Nov-2016 04:45:57 UTC] PHP   2. include() /home/ubuntu/workspace/CI-crud-admin/excel/index.php:2
[19-Nov-2016 04:45:57 UTC] PHP   3. mysql_select_db() /home/ubuntu/workspace/CI-crud-admin/excel/import.php:3
[19-Nov-2016 04:45:57 UTC] PHP Warning:  mysql_query(): Access denied for user ''@'localhost' (using password: NO) in /home/ubuntu/workspace/CI-crud-admin/excel/import.php on line 9
[19-Nov-2016 04:45:57 UTC] PHP Stack trace:
[19-Nov-2016 04:45:57 UTC] PHP   1. {main}() /home/ubuntu/workspace/CI-crud-admin/excel/index.php:0
[19-Nov-2016 04:45:57 UTC] PHP   2. include() /home/ubuntu/workspace/CI-crud-admin/excel/index.php:2
[19-Nov-2016 04:45:57 UTC] PHP   3. mysql_query() /home/ubuntu/workspace/CI-crud-admin/excel/import.php:9
[19-Nov-2016 04:45:57 UTC] PHP Warning:  mysql_query(): A link to the server could not be established in /home/ubuntu/workspace/CI-crud-admin/excel/import.php on line 9
[19-Nov-2016 04:45:57 UTC] PHP Stack trace:
[19-Nov-2016 04:45:57 UTC] PHP   1. {main}() /home/ubuntu/workspace/CI-crud-admin/excel/index.php:0
[19-Nov-2016 04:45:57 UTC] PHP   2. include() /home/ubuntu/workspace/CI-crud-admin/excel/index.php:2
[19-Nov-2016 04:45:57 UTC] PHP   3. mysql_query() /home/ubuntu/workspace/CI-crud-admin/excel/import.php:9
[19-Nov-2016 04:45:57 UTC] PHP Notice:  Use of undefined constant A - assumed 'A' in /home/ubuntu/workspace/CI-crud-admin/excel/index.php on line 25
[19-Nov-2016 04:45:57 UTC] PHP Stack trace:
[19-Nov-2016 04:45:57 UTC] PHP   1. {main}() /home/ubuntu/workspace/CI-crud-admin/excel/index.php:0
[19-Nov-2016 04:45:57 UTC] PHP Notice:  Use of undefined constant B - assumed 'B' in /home/ubuntu/workspace/CI-crud-admin/excel/index.php on line 25
[19-Nov-2016 04:45:57 UTC] PHP Stack trace:
[19-Nov-2016 04:45:57 UTC] PHP   1. {main}() /home/ubuntu/workspace/CI-crud-admin/excel/index.php:0
[19-Nov-2016 04:45:57 UTC] PHP Deprecated:  mysql_query(): The mysql extension is deprecated and will be removed in the future: use mysqli or PDO instead in /home/ubuntu/workspace/CI-crud-admin/excel/index.php on line 27
[19-Nov-2016 04:45:57 UTC] PHP Stack trace:
[19-Nov-2016 04:45:57 UTC] PHP   1. {main}() /home/ubuntu/workspace/CI-crud-admin/excel/index.php:0
[19-Nov-2016 04:45:57 UTC] PHP   2. mysql_query() /home/ubuntu/workspace/CI-crud-admin/excel/index.php:27
[19-Nov-2016 04:45:57 UTC] PHP Warning:  mysql_query(): Access denied for user ''@'localhost' (using password: NO) in /home/ubuntu/workspace/CI-crud-admin/excel/index.php on line 27
[19-Nov-2016 04:45:57 UTC] PHP Stack trace:
[19-Nov-2016 04:45:57 UTC] PHP   1. {main}() /home/ubuntu/workspace/CI-crud-admin/excel/index.php:0
[19-Nov-2016 04:45:57 UTC] PHP   2. mysql_query() /home/ubuntu/workspace/CI-crud-admin/excel/index.php:27
[19-Nov-2016 04:45:57 UTC] PHP Warning:  mysql_query(): A link to the server could not be established in /home/ubuntu/workspace/CI-crud-admin/excel/index.php on line 27
[19-Nov-2016 04:45:57 UTC] PHP Stack trace:
[19-Nov-2016 04:45:57 UTC] PHP   1. {main}() /home/ubuntu/workspace/CI-crud-admin/excel/index.php:0
[19-Nov-2016 04:45:57 UTC] PHP   2. mysql_query() /home/ubuntu/workspace/CI-crud-admin/excel/index.php:27
[19-Nov-2016 04:45:57 UTC] PHP Notice:  Use of undefined constant A - assumed 'A' in /home/ubuntu/workspace/CI-crud-admin/excel/index.php on line 25
[19-Nov-2016 04:45:57 UTC] PHP Stack trace:
[19-Nov-2016 04:45:57 UTC] PHP   1. {main}() /home/ubuntu/workspace/CI-crud-admin/excel/index.php:0
[19-Nov-2016 04:45:57 UTC] PHP Notice:  Use of undefined constant B - assumed 'B' in /home/ubuntu/workspace/CI-crud-admin/excel/index.php on line 25
[19-Nov-2016 04:45:57 UTC] PHP Stack trace:
[19-Nov-2016 04:45:57 UTC] PHP   1. {main}() /home/ubuntu/workspace/CI-crud-admin/excel/index.php:0
[19-Nov-2016 04:45:57 UTC] PHP Deprecated:  mysql_query(): The mysql extension is deprecated and will be removed in the future: use mysqli or PDO instead in /home/ubuntu/workspace/CI-crud-admin/excel/index.php on line 27
[19-Nov-2016 04:45:57 UTC] PHP Stack trace:
[19-Nov-2016 04:45:57 UTC] PHP   1. {main}() /home/ubuntu/workspace/CI-crud-admin/excel/index.php:0
[19-Nov-2016 04:45:57 UTC] PHP   2. mysql_query() /home/ubuntu/workspace/CI-crud-admin/excel/index.php:27
[19-Nov-2016 04:45:57 UTC] PHP Warning:  mysql_query(): Access denied for user ''@'localhost' (using password: NO) in /home/ubuntu/workspace/CI-crud-admin/excel/index.php on line 27
[19-Nov-2016 04:45:57 UTC] PHP Stack trace:
[19-Nov-2016 04:45:57 UTC] PHP   1. {main}() /home/ubuntu/workspace/CI-crud-admin/excel/index.php:0
[19-Nov-2016 04:45:57 UTC] PHP   2. mysql_query() /home/ubuntu/workspace/CI-crud-admin/excel/index.php:27
[19-Nov-2016 04:45:57 UTC] PHP Warning:  mysql_query(): A link to the server could not be established in /home/ubuntu/workspace/CI-crud-admin/excel/index.php on line 27
[19-Nov-2016 04:45:57 UTC] PHP Stack trace:
[19-Nov-2016 04:45:57 UTC] PHP   1. {main}() /home/ubuntu/workspace/CI-crud-admin/excel/index.php:0
[19-Nov-2016 04:45:57 UTC] PHP   2. mysql_query() /home/ubuntu/workspace/CI-crud-admin/excel/index.php:27
[19-Nov-2016 04:45:57 UTC] PHP Notice:  Use of undefined constant A - assumed 'A' in /home/ubuntu/workspace/CI-crud-admin/excel/index.php on line 25
[19-Nov-2016 04:45:57 UTC] PHP Stack trace:
[19-Nov-2016 04:45:57 UTC] PHP   1. {main}() /home/ubuntu/workspace/CI-crud-admin/excel/index.php:0
[19-Nov-2016 04:45:57 UTC] PHP Notice:  Use of undefined constant B - assumed 'B' in /home/ubuntu/workspace/CI-crud-admin/excel/index.php on line 25
[19-Nov-2016 04:45:57 UTC] PHP Stack trace:
[19-Nov-2016 04:45:57 UTC] PHP   1. {main}() /home/ubuntu/workspace/CI-crud-admin/excel/index.php:0
[19-Nov-2016 04:45:57 UTC] PHP Deprecated:  mysql_query(): The mysql extension is deprecated and will be removed in the future: use mysqli or PDO instead in /home/ubuntu/workspace/CI-crud-admin/excel/index.php on line 27
[19-Nov-2016 04:45:57 UTC] PHP Stack trace:
[19-Nov-2016 04:45:57 UTC] PHP   1. {main}() /home/ubuntu/workspace/CI-crud-admin/excel/index.php:0
[19-Nov-2016 04:45:57 UTC] PHP   2. mysql_query() /home/ubuntu/workspace/CI-crud-admin/excel/index.php:27
[19-Nov-2016 04:45:57 UTC] PHP Warning:  mysql_query(): Access denied for user ''@'localhost' (using password: NO) in /home/ubuntu/workspace/CI-crud-admin/excel/index.php on line 27
[19-Nov-2016 04:45:57 UTC] PHP Stack trace:
[19-Nov-2016 04:45:57 UTC] PHP   1. {main}() /home/ubuntu/workspace/CI-crud-admin/excel/index.php:0
[19-Nov-2016 04:45:57 UTC] PHP   2. mysql_query() /home/ubuntu/workspace/CI-crud-admin/excel/index.php:27
[19-Nov-2016 04:45:57 UTC] PHP Warning:  mysql_query(): A link to the server could not be established in /home/ubuntu/workspace/CI-crud-admin/excel/index.php on line 27
[19-Nov-2016 04:45:57 UTC] PHP Stack trace:
[19-Nov-2016 04:45:57 UTC] PHP   1. {main}() /home/ubuntu/workspace/CI-crud-admin/excel/index.php:0
[19-Nov-2016 04:45:57 UTC] PHP   2. mysql_query() /home/ubuntu/workspace/CI-crud-admin/excel/index.php:27
[19-Nov-2016 04:45:57 UTC] PHP Notice:  Use of undefined constant A - assumed 'A' in /home/ubuntu/workspace/CI-crud-admin/excel/index.php on line 25
[19-Nov-2016 04:45:57 UTC] PHP Stack trace:
[19-Nov-2016 04:45:57 UTC] PHP   1. {main}() /home/ubuntu/workspace/CI-crud-admin/excel/index.php:0
[19-Nov-2016 04:45:57 UTC] PHP Notice:  Use of undefined constant B - assumed 'B' in /home/ubuntu/workspace/CI-crud-admin/excel/index.php on line 25
[19-Nov-2016 04:45:57 UTC] PHP Stack trace:
[19-Nov-2016 04:45:57 UTC] PHP   1. {main}() /home/ubuntu/workspace/CI-crud-admin/excel/index.php:0
[19-Nov-2016 04:45:57 UTC] PHP Deprecated:  mysql_query(): The mysql extension is deprecated and will be removed in the future: use mysqli or PDO instead in /home/ubuntu/workspace/CI-crud-admin/excel/index.php on line 27
[19-Nov-2016 04:45:57 UTC] PHP Stack trace:
[19-Nov-2016 04:45:57 UTC] PHP   1. {main}() /home/ubuntu/workspace/CI-crud-admin/excel/index.php:0
[19-Nov-2016 04:45:57 UTC] PHP   2. mysql_query() /home/ubuntu/workspace/CI-crud-admin/excel/index.php:27
[19-Nov-2016 04:45:57 UTC] PHP Warning:  mysql_query(): Access denied for user ''@'localhost' (using password: NO) in /home/ubuntu/workspace/CI-crud-admin/excel/index.php on line 27
[19-Nov-2016 04:45:57 UTC] PHP Stack trace:
[19-Nov-2016 04:45:57 UTC] PHP   1. {main}() /home/ubuntu/workspace/CI-crud-admin/excel/index.php:0
[19-Nov-2016 04:45:57 UTC] PHP   2. mysql_query() /home/ubuntu/workspace/CI-crud-admin/excel/index.php:27
[19-Nov-2016 04:45:57 UTC] PHP Warning:  mysql_query(): A link to the server could not be established in /home/ubuntu/workspace/CI-crud-admin/excel/index.php on line 27
[19-Nov-2016 04:45:57 UTC] PHP Stack trace:
[19-Nov-2016 04:45:57 UTC] PHP   1. {main}() /home/ubuntu/workspace/CI-crud-admin/excel/index.php:0
[19-Nov-2016 04:45:57 UTC] PHP   2. mysql_query() /home/ubuntu/workspace/CI-crud-admin/excel/index.php:27
[19-Nov-2016 04:46:41 UTC] PHP Warning:  mysql_connect(): php_network_getaddresses: getaddrinfo failed: Name or service not known in /home/ubuntu/workspace/CI-crud-admin/excel/import.php on line 2
[19-Nov-2016 04:46:41 UTC] PHP Stack trace:
[19-Nov-2016 04:46:41 UTC] PHP   1. {main}() /home/ubuntu/workspace/CI-crud-admin/excel/index.php:0
[19-Nov-2016 04:46:41 UTC] PHP   2. include() /home/ubuntu/workspace/CI-crud-admin/excel/index.php:2
[19-Nov-2016 04:46:41 UTC] PHP   3. mysql_connect() /home/ubuntu/workspace/CI-crud-admin/excel/import.php:2
[19-Nov-2016 04:46:41 UTC] PHP Warning:  mysql_connect(): php_network_getaddresses: getaddrinfo failed: Name or service not known in /home/ubuntu/workspace/CI-crud-admin/excel/import.php on line 2
[19-Nov-2016 04:46:41 UTC] PHP Stack trace:
[19-Nov-2016 04:46:41 UTC] PHP   1. {main}() /home/ubuntu/workspace/CI-crud-admin/excel/index.php:0
[19-Nov-2016 04:46:41 UTC] PHP   2. include() /home/ubuntu/workspace/CI-crud-admin/excel/index.php:2
[19-Nov-2016 04:46:41 UTC] PHP   3. mysql_connect() /home/ubuntu/workspace/CI-crud-admin/excel/import.php:2
[19-Nov-2016 04:46:41 UTC] PHP Warning:  mysql_select_db(): Access denied for user ''@'localhost' (using password: NO) in /home/ubuntu/workspace/CI-crud-admin/excel/import.php on line 3
[19-Nov-2016 04:46:41 UTC] PHP Stack trace:
[19-Nov-2016 04:46:41 UTC] PHP   1. {main}() /home/ubuntu/workspace/CI-crud-admin/excel/index.php:0
[19-Nov-2016 04:46:41 UTC] PHP   2. include() /home/ubuntu/workspace/CI-crud-admin/excel/index.php:2
[19-Nov-2016 04:46:41 UTC] PHP   3. mysql_select_db() /home/ubuntu/workspace/CI-crud-admin/excel/import.php:3
[19-Nov-2016 04:46:41 UTC] PHP Warning:  mysql_select_db(): A link to the server could not be established in /home/ubuntu/workspace/CI-crud-admin/excel/import.php on line 3
[19-Nov-2016 04:46:41 UTC] PHP Stack trace:
[19-Nov-2016 04:46:41 UTC] PHP   1. {main}() /home/ubuntu/workspace/CI-crud-admin/excel/index.php:0
[19-Nov-2016 04:46:41 UTC] PHP   2. include() /home/ubuntu/workspace/CI-crud-admin/excel/index.php:2
[19-Nov-2016 04:46:41 UTC] PHP   3. mysql_select_db() /home/ubuntu/workspace/CI-crud-admin/excel/import.php:3
[19-Nov-2016 04:46:41 UTC] PHP Warning:  mysql_query(): Access denied for user ''@'localhost' (using password: NO) in /home/ubuntu/workspace/CI-crud-admin/excel/import.php on line 9
[19-Nov-2016 04:46:41 UTC] PHP Stack trace:
[19-Nov-2016 04:46:41 UTC] PHP   1. {main}() /home/ubuntu/workspace/CI-crud-admin/excel/index.php:0
[19-Nov-2016 04:46:41 UTC] PHP   2. include() /home/ubuntu/workspace/CI-crud-admin/excel/index.php:2
[19-Nov-2016 04:46:41 UTC] PHP   3. mysql_query() /home/ubuntu/workspace/CI-crud-admin/excel/import.php:9
[19-Nov-2016 04:46:41 UTC] PHP Warning:  mysql_query(): A link to the server could not be established in /home/ubuntu/workspace/CI-crud-admin/excel/import.php on line 9
[19-Nov-2016 04:46:41 UTC] PHP Stack trace:
[19-Nov-2016 04:46:41 UTC] PHP   1. {main}() /home/ubuntu/workspace/CI-crud-admin/excel/index.php:0
[19-Nov-2016 04:46:41 UTC] PHP   2. include() /home/ubuntu/workspace/CI-crud-admin/excel/index.php:2
[19-Nov-2016 04:46:41 UTC] PHP   3. mysql_query() /home/ubuntu/workspace/CI-crud-admin/excel/import.php:9
[19-Nov-2016 04:50:58 UTC] PHP Parse error:  syntax error, unexpected '}' in /home/ubuntu/workspace/CI-crud-admin/excel/index.php on line 28
[19-Nov-2016 04:51:10 UTC] PHP Parse error:  syntax error, unexpected '}' in /home/ubuntu/workspace/CI-crud-admin/excel/index.php on line 28
[19-Nov-2016 04:53:54 UTC] PHP Parse error:  syntax error, unexpected ')' in /home/ubuntu/workspace/CI-crud-admin/excel/index.php on line 29
[19-Nov-2016 14:21:47 UTC] PHP Warning:  include(./assets/phpexcel/Classes/PHPExcel.php): failed to open stream: No such file or directory in /home/ubuntu/workspace/CI-crud-admin/excel/export.php on line 4
[19-Nov-2016 14:21:47 UTC] PHP Stack trace:
[19-Nov-2016 14:21:47 UTC] PHP   1. {main}() /home/ubuntu/workspace/CI-crud-admin/excel/export.php:0
[19-Nov-2016 14:21:47 UTC] PHP Warning:  include(): Failed opening './assets/phpexcel/Classes/PHPExcel.php' for inclusion (include_path='.:/usr/share/php:/usr/share/pear') in /home/ubuntu/workspace/CI-crud-admin/excel/export.php on line 4
[19-Nov-2016 14:21:47 UTC] PHP Stack trace:
[19-Nov-2016 14:21:47 UTC] PHP   1. {main}() /home/ubuntu/workspace/CI-crud-admin/excel/export.php:0
[19-Nov-2016 14:21:47 UTC] PHP Fatal error:  Class 'PHPExcel' not found in /home/ubuntu/workspace/CI-crud-admin/excel/export.php on line 6
[19-Nov-2016 14:21:47 UTC] PHP Stack trace:
[19-Nov-2016 14:21:47 UTC] PHP   1. {main}() /home/ubuntu/workspace/CI-crud-admin/excel/export.php:0
[19-Nov-2016 14:22:04 UTC] PHP Notice:  Undefined variable: con in /home/ubuntu/workspace/CI-crud-admin/excel/export.php on line 12
[19-Nov-2016 14:22:04 UTC] PHP Stack trace:
[19-Nov-2016 14:22:04 UTC] PHP   1. {main}() /home/ubuntu/workspace/CI-crud-admin/excel/export.php:0
[19-Nov-2016 14:22:04 UTC] PHP Warning:  mysqli_query() expects parameter 1 to be mysqli, null given in /home/ubuntu/workspace/CI-crud-admin/excel/export.php on line 12
[19-Nov-2016 14:22:04 UTC] PHP Stack trace:
[19-Nov-2016 14:22:04 UTC] PHP   1. {main}() /home/ubuntu/workspace/CI-crud-admin/excel/export.php:0
[19-Nov-2016 14:22:04 UTC] PHP   2. mysqli_query() /home/ubuntu/workspace/CI-crud-admin/excel/export.php:12
[19-Nov-2016 14:22:04 UTC] PHP Notice:  Undefined variable: result in /home/ubuntu/workspace/CI-crud-admin/excel/export.php on line 22
[19-Nov-2016 14:22:04 UTC] PHP Stack trace:
[19-Nov-2016 14:22:04 UTC] PHP   1. {main}() /home/ubuntu/workspace/CI-crud-admin/excel/export.php:0
[19-Nov-2016 14:22:04 UTC] PHP Warning:  mysql_fetch_array() expects parameter 1 to be resource, null given in /home/ubuntu/workspace/CI-crud-admin/excel/export.php on line 22
[19-Nov-2016 14:22:04 UTC] PHP Stack trace:
[19-Nov-2016 14:22:04 UTC] PHP   1. {main}() /home/ubuntu/workspace/CI-crud-admin/excel/export.php:0
[19-Nov-2016 14:22:04 UTC] PHP   2. mysql_fetch_array() /home/ubuntu/workspace/CI-crud-admin/excel/export.php:22
[19-Nov-2016 14:23:16 UTC] PHP Notice:  Undefined variable: result in /home/ubuntu/workspace/CI-crud-admin/excel/export.php on line 22
[19-Nov-2016 14:23:16 UTC] PHP Stack trace:
[19-Nov-2016 14:23:16 UTC] PHP   1. {main}() /home/ubuntu/workspace/CI-crud-admin/excel/export.php:0
[19-Nov-2016 14:23:16 UTC] PHP Warning:  mysqli_fetch_array() expects parameter 1 to be mysqli_result, null given in /home/ubuntu/workspace/CI-crud-admin/excel/export.php on line 22
[19-Nov-2016 14:23:16 UTC] PHP Stack trace:
[19-Nov-2016 14:23:16 UTC] PHP   1. {main}() /home/ubuntu/workspace/CI-crud-admin/excel/export.php:0
[19-Nov-2016 14:23:16 UTC] PHP   2. mysqli_fetch_array() /home/ubuntu/workspace/CI-crud-admin/excel/export.php:22
[19-Nov-2016 14:26:42 UTC] PHP Fatal error:  Using $this when not in object context in /home/ubuntu/workspace/CI-crud-admin/excel/export.php on line 37
[19-Nov-2016 14:26:42 UTC] PHP Stack trace:
[19-Nov-2016 14:26:42 UTC] PHP   1. {main}() /home/ubuntu/workspace/CI-crud-admin/excel/export.php:0
